<?xml version="1.0" encoding="UTF-8"?>
<!-- Generated by org.testng.reporters.JUnitXMLReporter -->
<testsuite ignored="2" hostname="PC04" failures="0" tests="2" name="Test1" time="8.686" errors="0" timestamp="01 Sep 2022 10:36:07 GMT">
  <testcase classname="com.Test.MobileTest" name="mobile_Test" time="3.031"/>
  <testcase classname="com.Test.MobleListTest" name="mobile_List_Test" time="5.616"/>
  <testcase classname="com.Mobiles.BrowserInit" name="@AfterSuite close_Browser" time="0.0">
    <ignored/>
  </testcase> <!-- @AfterSuite close_Browser -->
  <testcase classname="com.Mobiles.BrowserInit" name="@BeforeSuite initBrowser" time="0.0">
    <ignored/>
  </testcase> <!-- @BeforeSuite initBrowser -->
</testsuite> <!-- Test1 -->
